   1              	 .syntax unified
   2              	 .cpu cortex-m4
   3              	 .eabi_attribute 27,3
   4              	 .fpu fpv4-sp-d16
   5              	 .eabi_attribute 20,1
   6              	 .eabi_attribute 21,1
   7              	 .eabi_attribute 23,3
   8              	 .eabi_attribute 24,1
   9              	 .eabi_attribute 25,1
  10              	 .eabi_attribute 26,1
  11              	 .eabi_attribute 30,6
  12              	 .eabi_attribute 34,1
  13              	 .eabi_attribute 18,4
  14              	 .thumb
  15              	 .file "digital_io_conf.c"
  16              	 .text
  17              	.Ltext0:
  18              	 .cfi_sections .debug_frame
  19              	 .global Hall1
  20              	 .section .rodata.Hall1,"a",%progbits
  21              	 .align 2
  24              	Hall1:
  25 0000 00800248 	 .word 1208123392
  26 0004 00       	 .byte 0
  27 0005 00000000 	 .space 11
  27      00000000 
  27      000000
  28 0010 0C       	 .byte 12
  29 0011 00       	 .byte 0
  30 0012 0000     	 .space 2
  31              	 .global Hall2
  32              	 .section .rodata.Hall2,"a",%progbits
  33              	 .align 2
  36              	Hall2:
  37 0000 00830248 	 .word 1208124160
  38 0004 00       	 .byte 0
  39 0005 00000000 	 .space 11
  39      00000000 
  39      000000
  40 0010 01       	 .byte 1
  41 0011 00       	 .byte 0
  42 0012 0000     	 .space 2
  43              	 .global LED2
  44              	 .section .rodata.LED2,"a",%progbits
  45              	 .align 2
  48              	LED2:
  49 0000 00810248 	 .word 1208123648
  50 0004 80       	 .byte -128
  51 0005 000000   	 .space 3
  52 0008 00000100 	 .word 65536
  53 000c 00000000 	 .space 4
  54 0010 01       	 .byte 1
  55 0011 00       	 .byte 0
  56 0012 0000     	 .space 2
  57              	 .global LED1
  58              	 .section .rodata.LED1,"a",%progbits
  59              	 .align 2
  62              	LED1:
  63 0000 00810248 	 .word 1208123648
  64 0004 80       	 .byte -128
  65 0005 000000   	 .space 3
  66 0008 00000100 	 .word 65536
  67 000c 00000000 	 .space 4
  68 0010 00       	 .byte 0
  69 0011 00       	 .byte 0
  70 0012 0000     	 .space 2
  71              	 .global BTN_1
  72              	 .section .rodata.BTN_1,"a",%progbits
  73              	 .align 2
  76              	BTN_1:
  77 0000 00850248 	 .word 1208124672
  78 0004 08       	 .byte 8
  79 0005 00000000 	 .space 11
  79      00000000 
  79      000000
  80 0010 07       	 .byte 7
  81 0011 00       	 .byte 0
  82 0012 0000     	 .space 2
  83              	 .global BTN_2
  84              	 .section .rodata.BTN_2,"a",%progbits
  85              	 .align 2
  88              	BTN_2:
  89 0000 00820248 	 .word 1208123904
  90 0004 08       	 .byte 8
  91 0005 00000000 	 .space 11
  91      00000000 
  91      000000
  92 0010 06       	 .byte 6
  93 0011 00       	 .byte 0
  94 0012 0000     	 .space 2
  95              	 .global O_G_EN
  96              	 .section .rodata.O_G_EN,"a",%progbits
  97              	 .align 2
 100              	O_G_EN:
 101 0000 00800248 	 .word 1208123392
 102 0004 80       	 .byte -128
 103 0005 000000   	 .space 3
 104 0008 00000100 	 .word 65536
 105 000c 00000000 	 .space 4
 106 0010 07       	 .byte 7
 107 0011 00       	 .byte 0
 108 0012 0000     	 .space 2
 109              	 .global I_nFAULT
 110              	 .section .rodata.I_nFAULT,"a",%progbits
 111              	 .align 2
 114              	I_nFAULT:
 115 0000 00800248 	 .word 1208123392
 116 0004 00       	 .byte 0
 117 0005 00000000 	 .space 11
 117      00000000 
 117      000000
 118 0010 06       	 .byte 6
 119 0011 00       	 .byte 0
 120 0012 0000     	 .space 2
 121              	 .global Hall3
 122              	 .section .rodata.Hall3,"a",%progbits
 123              	 .align 2
 126              	Hall3:
 127 0000 00820248 	 .word 1208123904
 128 0004 00       	 .byte 0
 129 0005 00000000 	 .space 11
 129      00000000 
 129      000000
 130 0010 01       	 .byte 1
 131 0011 00       	 .byte 0
 132 0012 0000     	 .space 2
 133              	 .global Motor_Start
 134              	 .section .rodata.Motor_Start,"a",%progbits
 135              	 .align 2
 138              	Motor_Start:
 139 0000 00830248 	 .word 1208124160
 140 0004 00       	 .byte 0
 141 0005 00000000 	 .space 11
 141      00000000 
 141      000000
 142 0010 02       	 .byte 2
 143 0011 00       	 .byte 0
 144 0012 0000     	 .space 2
 145              	 .global IN_Temp
 146              	 .section .rodata.IN_Temp,"a",%progbits
 147              	 .align 2
 150              	IN_Temp:
 151 0000 00850248 	 .word 1208124672
 152 0004 00       	 .byte 0
 153 0005 00000000 	 .space 11
 153      00000000 
 153      000000
 154 0010 01       	 .byte 1
 155 0011 00       	 .byte 0
 156 0012 0000     	 .space 2
 157              	 .global LCD_Enable
 158              	 .section .rodata.LCD_Enable,"a",%progbits
 159              	 .align 2
 162              	LCD_Enable:
 163 0000 00810248 	 .word 1208123648
 164 0004 80       	 .byte -128
 165 0005 000000   	 .space 3
 166 0008 00000100 	 .word 65536
 167 000c 00000000 	 .space 4
 168 0010 0C       	 .byte 12
 169 0011 00       	 .byte 0
 170 0012 0000     	 .space 2
 171              	 .global LCD_RS
 172              	 .section .rodata.LCD_RS,"a",%progbits
 173              	 .align 2
 176              	LCD_RS:
 177 0000 00810248 	 .word 1208123648
 178 0004 80       	 .byte -128
 179 0005 000000   	 .space 3
 180 0008 00000100 	 .word 65536
 181 000c 00000000 	 .space 4
 182 0010 0D       	 .byte 13
 183 0011 00       	 .byte 0
 184 0012 0000     	 .space 2
 185              	 .global LCD_RW
 186              	 .section .rodata.LCD_RW,"a",%progbits
 187              	 .align 2
 190              	LCD_RW:
 191 0000 00800248 	 .word 1208123392
 192 0004 80       	 .byte -128
 193 0005 000000   	 .space 3
 194 0008 00000100 	 .word 65536
 195 000c 00000000 	 .space 4
 196 0010 08       	 .byte 8
 197 0011 00       	 .byte 0
 198 0012 0000     	 .space 2
 199              	 .text
 200              	.Letext0:
 201              	 .file 1 "c:\\users\\administrator\\documents\\dave-ide-4.4.2-64bit\\eclipse\\arm-gcc-49\\arm-none-eabi\\include\\machine\\_default_types.h"
 202              	 .file 2 "c:\\users\\administrator\\documents\\dave-ide-4.4.2-64bit\\eclipse\\arm-gcc-49\\arm-none-eabi\\include\\stdint.h"
 203              	 .file 3 "C:/Users/Administrator/Documents/DAVE-IDE-4.4.2-64Bit/eclipse/workspace/DTProjectv5/Libraries/XMCLib/inc/xmc_gpio.h"
 204              	 .file 4 "C:/Users/Administrator/Documents/DAVE-IDE-4.4.2-64Bit/eclipse/workspace/DTProjectv5/Libraries/XMCLib/inc/xmc4_gpio.h"
 205              	 .file 5 "../Dave/Generated/DIGITAL_IO/digital_io.h"
 206              	 .file 6 "C:/Users/Administrator/Documents/DAVE-IDE-4.4.2-64Bit/eclipse/workspace/DTProjectv5/Libraries/CMSIS/Include/core_cm4.h"
 207              	 .file 7 "../Dave/Generated/DIGITAL_IO/digital_io_conf.c"
DEFINED SYMBOLS
                            *ABS*:00000000 digital_io_conf.c
    {standard input}:24     .rodata.Hall1:00000000 Hall1
    {standard input}:21     .rodata.Hall1:00000000 $d
    {standard input}:36     .rodata.Hall2:00000000 Hall2
    {standard input}:33     .rodata.Hall2:00000000 $d
    {standard input}:48     .rodata.LED2:00000000 LED2
    {standard input}:45     .rodata.LED2:00000000 $d
    {standard input}:62     .rodata.LED1:00000000 LED1
    {standard input}:59     .rodata.LED1:00000000 $d
    {standard input}:76     .rodata.BTN_1:00000000 BTN_1
    {standard input}:73     .rodata.BTN_1:00000000 $d
    {standard input}:88     .rodata.BTN_2:00000000 BTN_2
    {standard input}:85     .rodata.BTN_2:00000000 $d
    {standard input}:100    .rodata.O_G_EN:00000000 O_G_EN
    {standard input}:97     .rodata.O_G_EN:00000000 $d
    {standard input}:114    .rodata.I_nFAULT:00000000 I_nFAULT
    {standard input}:111    .rodata.I_nFAULT:00000000 $d
    {standard input}:126    .rodata.Hall3:00000000 Hall3
    {standard input}:123    .rodata.Hall3:00000000 $d
    {standard input}:138    .rodata.Motor_Start:00000000 Motor_Start
    {standard input}:135    .rodata.Motor_Start:00000000 $d
    {standard input}:150    .rodata.IN_Temp:00000000 IN_Temp
    {standard input}:147    .rodata.IN_Temp:00000000 $d
    {standard input}:162    .rodata.LCD_Enable:00000000 LCD_Enable
    {standard input}:159    .rodata.LCD_Enable:00000000 $d
    {standard input}:176    .rodata.LCD_RS:00000000 LCD_RS
    {standard input}:173    .rodata.LCD_RS:00000000 $d
    {standard input}:190    .rodata.LCD_RW:00000000 LCD_RW
    {standard input}:187    .rodata.LCD_RW:00000000 $d

NO UNDEFINED SYMBOLS
