   1              	 .syntax unified
   2              	 .cpu cortex-m4
   3              	 .eabi_attribute 27,3
   4              	 .fpu fpv4-sp-d16
   5              	 .eabi_attribute 20,1
   6              	 .eabi_attribute 21,1
   7              	 .eabi_attribute 23,3
   8              	 .eabi_attribute 24,1
   9              	 .eabi_attribute 25,1
  10              	 .eabi_attribute 26,1
  11              	 .eabi_attribute 30,6
  12              	 .eabi_attribute 34,1
  13              	 .eabi_attribute 18,4
  14              	 .thumb
  15              	 .file "interrupt_conf.c"
  16              	 .text
  17              	.Ltext0:
  18              	 .cfi_sections .debug_frame
  19              	 .global PeriodMatchInt
  20              	 .section .rodata.PeriodMatchInt,"a",%progbits
  21              	 .align 2
  24              	PeriodMatchInt:
  25 0000 3F       	 .byte 63
  26 0001 37       	 .byte 55
  27 0002 00       	 .byte 0
  28 0003 01       	 .byte 1
  29              	 .global INT_LCD_Timer
  30              	 .section .rodata.INT_LCD_Timer,"a",%progbits
  31              	 .align 2
  34              	INT_LCD_Timer:
  35 0000 2E       	 .byte 46
  36 0001 3F       	 .byte 63
  37 0002 00       	 .byte 0
  38 0003 01       	 .byte 1
  39              	 .global INT_Timer1000ms
  40              	 .section .rodata.INT_Timer1000ms,"a",%progbits
  41              	 .align 2
  44              	INT_Timer1000ms:
  45 0000 31       	 .byte 49
  46 0001 28       	 .byte 40
  47 0002 00       	 .byte 0
  48 0003 01       	 .byte 1
  49              	 .global INT_Hall1
  50              	 .section .rodata.INT_Hall1,"a",%progbits
  51              	 .align 2
  54              	INT_Hall1:
  55 0000 04       	 .byte 4
  56 0001 14       	 .byte 20
  57 0002 00       	 .byte 0
  58 0003 01       	 .byte 1
  59              	 .global INT_Timer20ms
  60              	 .section .rodata.INT_Timer20ms,"a",%progbits
  61              	 .align 2
  64              	INT_Timer20ms:
  65 0000 39       	 .byte 57
  66 0001 28       	 .byte 40
  67 0002 00       	 .byte 0
  68 0003 01       	 .byte 1
  69              	 .text
  70              	.Letext0:
  71              	 .file 1 "c:\\users\\administrator\\documents\\dave-ide-4.4.2-64bit\\eclipse\\arm-gcc-49\\arm-none-eabi\\include\\machine\\_default_types.h"
  72              	 .file 2 "c:\\users\\administrator\\documents\\dave-ide-4.4.2-64bit\\eclipse\\arm-gcc-49\\arm-none-eabi\\include\\stdint.h"
  73              	 .file 3 "C:/Users/Administrator/Documents/DAVE-IDE-4.4.2-64Bit/eclipse/workspace/DTProjectv5/Libraries/CMSIS/Infineon/XMC4500_series/Include/XMC4500.h"
  74              	 .file 4 "../Dave/Generated/INTERRUPT/interrupt.h"
  75              	 .file 5 "C:/Users/Administrator/Documents/DAVE-IDE-4.4.2-64Bit/eclipse/workspace/DTProjectv5/Libraries/CMSIS/Include/core_cm4.h"
  76              	 .file 6 "../Dave/Generated/INTERRUPT/interrupt_conf.c"
DEFINED SYMBOLS
                            *ABS*:00000000 interrupt_conf.c
    {standard input}:24     .rodata.PeriodMatchInt:00000000 PeriodMatchInt
    {standard input}:21     .rodata.PeriodMatchInt:00000000 $d
    {standard input}:34     .rodata.INT_LCD_Timer:00000000 INT_LCD_Timer
    {standard input}:31     .rodata.INT_LCD_Timer:00000000 $d
    {standard input}:44     .rodata.INT_Timer1000ms:00000000 INT_Timer1000ms
    {standard input}:41     .rodata.INT_Timer1000ms:00000000 $d
    {standard input}:54     .rodata.INT_Hall1:00000000 INT_Hall1
    {standard input}:51     .rodata.INT_Hall1:00000000 $d
    {standard input}:64     .rodata.INT_Timer20ms:00000000 INT_Timer20ms
    {standard input}:61     .rodata.INT_Timer20ms:00000000 $d

NO UNDEFINED SYMBOLS
