   1              	 .syntax unified
   2              	 .cpu cortex-m4
   3              	 .eabi_attribute 27,3
   4              	 .fpu fpv4-sp-d16
   5              	 .eabi_attribute 20,1
   6              	 .eabi_attribute 21,1
   7              	 .eabi_attribute 23,3
   8              	 .eabi_attribute 24,1
   9              	 .eabi_attribute 25,1
  10              	 .eabi_attribute 26,1
  11              	 .eabi_attribute 30,6
  12              	 .eabi_attribute 34,1
  13              	 .eabi_attribute 18,4
  14              	 .thumb
  15              	 .file "Interupts.c"
  16              	 .text
  17              	.Ltext0:
  18              	 .cfi_sections .debug_frame
  19              	 .comm LCD,16,4
  20              	 .comm BTN,7,4
  21              	 .comm Posifval,12,4
  22              	 .comm speedindex,2,2
  23              	 .comm Hall1_status,1,1
  24              	 .comm hallint_count,2,2
  25              	 .comm lasthallint_count,2,2
  26              	 .comm revolves_counter,4,4
  27              	 .section .text.CCU40_2_IRQHandler,"ax",%progbits
  28              	 .align 2
  29              	 .global CCU40_2_IRQHandler
  30              	 .thumb
  31              	 .thumb_func
  33              	CCU40_2_IRQHandler:
  34              	.LFB399:
  35              	 .file 1 "../Interupts.c"
   1:../Interupts.c **** /*
   2:../Interupts.c ****  * Interupts.c
   3:../Interupts.c ****  *
   4:../Interupts.c ****  *  Created on: 10 Jun 2019
   5:../Interupts.c ****  *      Author: Administrator
   6:../Interupts.c ****  */
   7:../Interupts.c **** 
   8:../Interupts.c **** #include <Interupts.h>
   9:../Interupts.c **** #include <lut.h>
  10:../Interupts.c **** 
  11:../Interupts.c **** void LCD_Timer_IR(void)
  12:../Interupts.c **** {
  36              	 .loc 1 12 0
  37              	 .cfi_startproc
  38              	 
  39              	 
  40 0000 80B5     	 push {r7,lr}
  41              	.LCFI0:
  42              	 .cfi_def_cfa_offset 8
  43              	 .cfi_offset 7,-8
  44              	 .cfi_offset 14,-4
  45 0002 00AF     	 add r7,sp,#0
  46              	.LCFI1:
  47              	 .cfi_def_cfa_register 7
  13:../Interupts.c **** 	ResetGateDriver();
  48              	 .loc 1 13 0
  49 0004 FFF7FEFF 	 bl ResetGateDriver
  14:../Interupts.c **** 	ADC_MEASUREMENT_StartConversion(&ADC_Voltage);
  50              	 .loc 1 14 0
  51 0008 1948     	 ldr r0,.L2
  52 000a FFF7FEFF 	 bl ADC_MEASUREMENT_StartConversion
  15:../Interupts.c **** 	TIMER_ClearEvent(&LCD_Timer);
  53              	 .loc 1 15 0
  54 000e 1948     	 ldr r0,.L2+4
  55 0010 FFF7FEFF 	 bl TIMER_ClearEvent
  16:../Interupts.c **** 	TIMER_Stop(&LCD_Timer);
  56              	 .loc 1 16 0
  57 0014 1748     	 ldr r0,.L2+4
  58 0016 FFF7FEFF 	 bl TIMER_Stop
  17:../Interupts.c **** 	TIMER_Clear(&LCD_Timer);
  59              	 .loc 1 17 0
  60 001a 1648     	 ldr r0,.L2+4
  61 001c FFF7FEFF 	 bl TIMER_Clear
  18:../Interupts.c **** 	LCD_SetDuty(LCD.IstTemp);
  62              	 .loc 1 18 0
  63 0020 154B     	 ldr r3,.L2+8
  64 0022 D3ED027A 	 flds s15,[r3,#8]
  65 0026 FCEEE77A 	 ftouizs s15,s15
  66 002a 17EE900A 	 fmrs r0,s15
  67 002e FFF7FEFF 	 bl LCD_SetDuty
  19:../Interupts.c **** 	LCD_SetDelay(Posifval.ten_milli_count);
  68              	 .loc 1 19 0
  69 0032 124B     	 ldr r3,.L2+12
  70 0034 1B88     	 ldrh r3,[r3]
  71 0036 9BB2     	 uxth r3,r3
  72 0038 1BB2     	 sxth r3,r3
  73 003a 1846     	 mov r0,r3
  74 003c FFF7FEFF 	 bl LCD_SetDelay
  20:../Interupts.c **** 	LCD_IstVolt(LCD.IstVolt);
  75              	 .loc 1 20 0
  76 0040 0D4B     	 ldr r3,.L2+8
  77 0042 5B68     	 ldr r3,[r3,#4]
  78 0044 1846     	 mov r0,r3
  79 0046 FFF7FEFF 	 bl LCD_IstVolt
  21:../Interupts.c **** 	LCD_SollVolt(LCD.SollVolt);
  80              	 .loc 1 21 0
  81 004a 0B4B     	 ldr r3,.L2+8
  82 004c DB68     	 ldr r3,[r3,#12]
  83 004e 1846     	 mov r0,r3
  84 0050 FFF7FEFF 	 bl LCD_SollVolt
  22:../Interupts.c **** 	LCD_SollRPM(LCD.SollRpm);
  85              	 .loc 1 22 0
  86 0054 084B     	 ldr r3,.L2+8
  87 0056 1B88     	 ldrh r3,[r3]
  88 0058 1846     	 mov r0,r3
  89 005a FFF7FEFF 	 bl LCD_SollRPM
  23:../Interupts.c **** 	LCD_IstRPM(LCD.IstRpm);
  90              	 .loc 1 23 0
  91 005e 064B     	 ldr r3,.L2+8
  92 0060 5B88     	 ldrh r3,[r3,#2]
  93 0062 1846     	 mov r0,r3
  94 0064 FFF7FEFF 	 bl LCD_IstRPM
  24:../Interupts.c ****     DisplayTask();
  95              	 .loc 1 24 0
  96 0068 FFF7FEFF 	 bl DisplayTask
  25:../Interupts.c **** }
  97              	 .loc 1 25 0
  98 006c 80BD     	 pop {r7,pc}
  99              	.L3:
 100 006e 00BF     	 .align 2
 101              	.L2:
 102 0070 00000000 	 .word ADC_Voltage
 103 0074 00000000 	 .word LCD_Timer
 104 0078 00000000 	 .word LCD
 105 007c 00000000 	 .word Posifval
 106              	 .cfi_endproc
 107              	.LFE399:
 109              	 .global __aeabi_f2d
 110              	 .global __aeabi_dcmpgt
 111              	 .global __aeabi_dadd
 112              	 .global __aeabi_d2f
 113              	 .global __aeabi_dcmpge
 114              	 .global __aeabi_dcmple
 115              	 .global __aeabi_d2uiz
 116              	 .section .text.CCU43_1_IRQHandler,"ax",%progbits
 117              	 .align 2
 118              	 .global CCU43_1_IRQHandler
 119              	 .thumb
 120              	 .thumb_func
 122              	CCU43_1_IRQHandler:
 123              	.LFB400:
  26:../Interupts.c **** 
  27:../Interupts.c **** void IR_Debouncing(void){
 124              	 .loc 1 27 0
 125              	 .cfi_startproc
 126              	 
 127              	 
 128 0000 80B5     	 push {r7,lr}
 129              	.LCFI2:
 130              	 .cfi_def_cfa_offset 8
 131              	 .cfi_offset 7,-8
 132              	 .cfi_offset 14,-4
 133 0002 00AF     	 add r7,sp,#0
 134              	.LCFI3:
 135              	 .cfi_def_cfa_register 7
  28:../Interupts.c **** 	ResetGateDriver();
 136              	 .loc 1 28 0
 137 0004 FFF7FEFF 	 bl ResetGateDriver
  29:../Interupts.c **** 	if(BTN.debouncer!=0){
 138              	 .loc 1 29 0
 139 0008 3B4B     	 ldr r3,.L16+16
 140 000a 5B78     	 ldrb r3,[r3,#1]
 141 000c 002B     	 cmp r3,#0
 142 000e 02D0     	 beq .L5
  30:../Interupts.c **** 
  31:../Interupts.c **** 		/*if(Posifval.ten_milli_count>30){
  32:../Interupts.c **** 			Posifval.ten_milli_count-=2;
  33:../Interupts.c **** 			if(Posifval.ten_milli_count<=70&&Posifval.ten_milli_count>=44){Posifval.ten_milli_count=40;}
  34:../Interupts.c **** 			}
  35:../Interupts.c **** 		else{Posifval.ten_milli_count=100;Posifval.duty_cycle=350;speedindex=0;}*/
  36:../Interupts.c **** 		BTN.debouncer=0;
 143              	 .loc 1 36 0
 144 0010 394B     	 ldr r3,.L16+16
 145 0012 0022     	 movs r2,#0
 146 0014 5A70     	 strb r2,[r3,#1]
 147              	.L5:
  37:../Interupts.c **** 
  38:../Interupts.c **** 										}
  39:../Interupts.c **** 	if(BTN.debouncer2!=0){
 148              	 .loc 1 39 0
 149 0016 384B     	 ldr r3,.L16+16
 150 0018 9B78     	 ldrb r3,[r3,#2]
 151 001a 002B     	 cmp r3,#0
 152 001c 60D0     	 beq .L4
  40:../Interupts.c **** 
  41:../Interupts.c **** 		if(LCD.SollVolt>3.3){
 153              	 .loc 1 41 0
 154 001e 374B     	 ldr r3,.L16+20
 155 0020 DB68     	 ldr r3,[r3,#12]
 156 0022 1846     	 mov r0,r3
 157 0024 FFF7FEFF 	 bl __aeabi_f2d
 158 0028 0246     	 mov r2,r0
 159 002a 0B46     	 mov r3,r1
 160 002c 1046     	 mov r0,r2
 161 002e 1946     	 mov r1,r3
 162 0030 2DA3     	 adr r3,.L16
 163 0032 D3E90023 	 ldrd r2,[r3]
 164 0036 FFF7FEFF 	 bl __aeabi_dcmpgt
 165 003a 0346     	 mov r3,r0
 166 003c 002B     	 cmp r3,#0
 167 003e 04D0     	 beq .L15
  42:../Interupts.c **** 			LCD.SollVolt=1;
 168              	 .loc 1 42 0
 169 0040 2E4B     	 ldr r3,.L16+20
 170 0042 4FF07E52 	 mov r2,#1065353216
 171 0046 DA60     	 str r2,[r3,#12]
 172 0048 47E0     	 b .L9
 173              	.L15:
  43:../Interupts.c **** 		}
  44:../Interupts.c **** 		else{
  45:../Interupts.c **** 			LCD.SollVolt+=0.1;
 174              	 .loc 1 45 0
 175 004a 2C4B     	 ldr r3,.L16+20
 176 004c DB68     	 ldr r3,[r3,#12]
 177 004e 1846     	 mov r0,r3
 178 0050 FFF7FEFF 	 bl __aeabi_f2d
 179 0054 0246     	 mov r2,r0
 180 0056 0B46     	 mov r3,r1
 181 0058 1046     	 mov r0,r2
 182 005a 1946     	 mov r1,r3
 183 005c 24A3     	 adr r3,.L16+8
 184 005e D3E90023 	 ldrd r2,[r3]
 185 0062 FFF7FEFF 	 bl __aeabi_dadd
 186 0066 0246     	 mov r2,r0
 187 0068 0B46     	 mov r3,r1
 188 006a 1046     	 mov r0,r2
 189 006c 1946     	 mov r1,r3
 190 006e FFF7FEFF 	 bl __aeabi_d2f
 191 0072 0246     	 mov r2,r0
 192 0074 214B     	 ldr r3,.L16+20
 193 0076 DA60     	 str r2,[r3,#12]
  46:../Interupts.c **** 			rtU_lut.In1_lut=(double)LCD.SollVolt;
 194              	 .loc 1 46 0
 195 0078 204B     	 ldr r3,.L16+20
 196 007a DB68     	 ldr r3,[r3,#12]
 197 007c 1846     	 mov r0,r3
 198 007e FFF7FEFF 	 bl __aeabi_f2d
 199 0082 0246     	 mov r2,r0
 200 0084 0B46     	 mov r3,r1
 201 0086 1E49     	 ldr r1,.L16+24
 202 0088 C1E90023 	 strd r2,[r1]
  47:../Interupts.c **** 
  48:../Interupts.c **** 			lut_step();
 203              	 .loc 1 48 0
 204 008c FFF7FEFF 	 bl lut_step
  49:../Interupts.c **** 
  50:../Interupts.c **** 			if(rtY_lut.Out1_lut>=30&&rtY_lut.Out1_lut<=110 ){
 205              	 .loc 1 50 0
 206 0090 1C4B     	 ldr r3,.L16+28
 207 0092 D3E90023 	 ldrd r2,[r3]
 208 0096 1046     	 mov r0,r2
 209 0098 1946     	 mov r1,r3
 210 009a 4FF00002 	 mov r2,#0
 211 009e 1A4B     	 ldr r3,.L16+32
 212 00a0 FFF7FEFF 	 bl __aeabi_dcmpge
 213 00a4 0346     	 mov r3,r0
 214 00a6 002B     	 cmp r3,#0
 215 00a8 17D0     	 beq .L9
 216              	 .loc 1 50 0 is_stmt 0 discriminator 1
 217 00aa 164B     	 ldr r3,.L16+28
 218 00ac D3E90023 	 ldrd r2,[r3]
 219 00b0 1046     	 mov r0,r2
 220 00b2 1946     	 mov r1,r3
 221 00b4 4FF00002 	 mov r2,#0
 222 00b8 144B     	 ldr r3,.L16+36
 223 00ba FFF7FEFF 	 bl __aeabi_dcmple
 224 00be 0346     	 mov r3,r0
 225 00c0 002B     	 cmp r3,#0
 226 00c2 0AD0     	 beq .L9
  51:../Interupts.c **** 			Posifval.ten_milli_count= rtY_lut.Out1_lut ;}
 227              	 .loc 1 51 0 is_stmt 1
 228 00c4 0F4B     	 ldr r3,.L16+28
 229 00c6 D3E90023 	 ldrd r2,[r3]
 230 00ca 1046     	 mov r0,r2
 231 00cc 1946     	 mov r1,r3
 232 00ce FFF7FEFF 	 bl __aeabi_d2uiz
 233 00d2 0346     	 mov r3,r0
 234 00d4 9AB2     	 uxth r2,r3
 235 00d6 0E4B     	 ldr r3,.L16+40
 236 00d8 1A80     	 strh r2,[r3]
 237              	.L9:
  52:../Interupts.c **** 		}
  53:../Interupts.c **** 		BTN.debouncer2=0;
 238              	 .loc 1 53 0
 239 00da 074B     	 ldr r3,.L16+16
 240 00dc 0022     	 movs r2,#0
 241 00de 9A70     	 strb r2,[r3,#2]
 242              	.L4:
  54:../Interupts.c **** 	}
  55:../Interupts.c **** 
  56:../Interupts.c **** }
 243              	 .loc 1 56 0
 244 00e0 80BD     	 pop {r7,pc}
 245              	.L17:
 246 00e2 00BFAFF3 	 .align 3
 246      0080
 247              	.L16:
 248 00e8 66666666 	 .word 1717986918
 249 00ec 66660A40 	 .word 1074423398
 250 00f0 9A999999 	 .word -1717986918
 251 00f4 9999B93F 	 .word 1069128089
 252 00f8 00000000 	 .word BTN
 253 00fc 00000000 	 .word LCD
 254 0100 00000000 	 .word rtU_lut
 255 0104 00000000 	 .word rtY_lut
 256 0108 00003E40 	 .word 1077805056
 257 010c 00805B40 	 .word 1079738368
 258 0110 00000000 	 .word Posifval
 259              	 .cfi_endproc
 260              	.LFE400:
 262 0114 AFF30080 	 .section .text.CCU41_1_IRQHandler,"ax",%progbits
 263              	 .align 2
 264              	 .global CCU41_1_IRQHandler
 265              	 .thumb
 266              	 .thumb_func
 268              	CCU41_1_IRQHandler:
 269              	.LFB401:
  57:../Interupts.c **** void IR_Timer_1000ms(void)
  58:../Interupts.c **** {
 270              	 .loc 1 58 0
 271              	 .cfi_startproc
 272              	 
 273              	 
 274 0000 80B5     	 push {r7,lr}
 275              	.LCFI4:
 276              	 .cfi_def_cfa_offset 8
 277              	 .cfi_offset 7,-8
 278              	 .cfi_offset 14,-4
 279 0002 00AF     	 add r7,sp,#0
 280              	.LCFI5:
 281              	 .cfi_def_cfa_register 7
  59:../Interupts.c **** 	ResetGateDriver();
 282              	 .loc 1 59 0
 283 0004 FFF7FEFF 	 bl ResetGateDriver
  60:../Interupts.c **** 
  61:../Interupts.c **** 	LCD.IstRpm=revolves_counter*60;
 284              	 .loc 1 61 0
 285 0008 0C4B     	 ldr r3,.L19
 286 000a 1B68     	 ldr r3,[r3]
 287 000c 9BB2     	 uxth r3,r3
 288 000e 1A46     	 mov r2,r3
 289 0010 1201     	 lsls r2,r2,#4
 290 0012 D31A     	 subs r3,r2,r3
 291 0014 9B00     	 lsls r3,r3,#2
 292 0016 9AB2     	 uxth r2,r3
 293 0018 094B     	 ldr r3,.L19+4
 294 001a 5A80     	 strh r2,[r3,#2]
  62:../Interupts.c **** 	LCD_IstRPM(LCD.IstRpm);
 295              	 .loc 1 62 0
 296 001c 084B     	 ldr r3,.L19+4
 297 001e 5B88     	 ldrh r3,[r3,#2]
 298 0020 1846     	 mov r0,r3
 299 0022 FFF7FEFF 	 bl LCD_IstRPM
  63:../Interupts.c **** 	ResetGateDriver();
 300              	 .loc 1 63 0
 301 0026 FFF7FEFF 	 bl ResetGateDriver
  64:../Interupts.c **** 	revolves_counter=0;
 302              	 .loc 1 64 0
 303 002a 044B     	 ldr r3,.L19
 304 002c 0022     	 movs r2,#0
 305 002e 1A60     	 str r2,[r3]
  65:../Interupts.c **** 
  66:../Interupts.c **** 	//DIGITAL_IO_ToggleOutput(&LED1);
  67:../Interupts.c **** 	lasthallint_count=hallint_count;
 306              	 .loc 1 67 0
 307 0030 044B     	 ldr r3,.L19+8
 308 0032 1A88     	 ldrh r2,[r3]
 309 0034 044B     	 ldr r3,.L19+12
 310 0036 1A80     	 strh r2,[r3]
  68:../Interupts.c **** 
  69:../Interupts.c **** 
  70:../Interupts.c **** }
 311              	 .loc 1 70 0
 312 0038 80BD     	 pop {r7,pc}
 313              	.L20:
 314 003a 00BF     	 .align 2
 315              	.L19:
 316 003c 00000000 	 .word revolves_counter
 317 0040 00000000 	 .word LCD
 318 0044 00000000 	 .word hallint_count
 319 0048 00000000 	 .word lasthallint_count
 320              	 .cfi_endproc
 321              	.LFE401:
 323              	 .text
 324              	.Letext0:
 325              	 .file 2 "c:\\users\\administrator\\documents\\dave-ide-4.4.2-64bit\\eclipse\\arm-gcc-49\\arm-none-eabi\\include\\machine\\_default_types.h"
 326              	 .file 3 "c:\\users\\administrator\\documents\\dave-ide-4.4.2-64bit\\eclipse\\arm-gcc-49\\arm-none-eabi\\include\\stdint.h"
 327              	 .file 4 "C:/Users/Administrator/Documents/DAVE-IDE-4.4.2-64Bit/eclipse/workspace/DTProjectv5/Libraries/CMSIS/Infineon/XMC4500_series/Include/XMC4500.h"
 328              	 .file 5 "C:/Users/Administrator/Documents/DAVE-IDE-4.4.2-64Bit/eclipse/workspace/DTProjectv5/LCD.h"
 329              	 .file 6 "C:/Users/Administrator/Documents/DAVE-IDE-4.4.2-64Bit/eclipse/workspace/DTProjectv5/Libraries/XMCLib/inc/xmc4_scu.h"
 330              	 .file 7 "C:/Users/Administrator/Documents/DAVE-IDE-4.4.2-64Bit/eclipse/workspace/DTProjectv5/Libraries/XMCLib/inc/xmc_ccu4.h"
 331              	 .file 8 "C:/Users/Administrator/Documents/DAVE-IDE-4.4.2-64Bit/eclipse/workspace/DTProjectv5/Dave/Generated/GLOBAL_CCU4/global_ccu4.h"
 332              	 .file 9 "C:/Users/Administrator/Documents/DAVE-IDE-4.4.2-64Bit/eclipse/workspace/DTProjectv5/Dave/Generated/TIMER/timer.h"
 333              	 .file 10 "C:/Users/Administrator/Documents/DAVE-IDE-4.4.2-64Bit/eclipse/workspace/DTProjectv5/Libraries/XMCLib/inc/xmc_vadc.h"
 334              	 .file 11 "C:/Users/Administrator/Documents/DAVE-IDE-4.4.2-64Bit/eclipse/workspace/DTProjectv5/Dave/Generated/GLOBAL_ADC/global_adc.h"
 335              	 .file 12 "C:/Users/Administrator/Documents/DAVE-IDE-4.4.2-64Bit/eclipse/workspace/DTProjectv5/Dave/Generated/ADC_MEASUREMENT/adc_measurement.h"
 336              	 .file 13 "C:/Users/Administrator/Documents/DAVE-IDE-4.4.2-64Bit/eclipse/workspace/DTProjectv5/Buttons.h"
 337              	 .file 14 "C:/Users/Administrator/Documents/DAVE-IDE-4.4.2-64Bit/eclipse/workspace/DTProjectv5/Posif_BLDC.h"
 338              	 .file 15 "C:/Users/Administrator/Documents/DAVE-IDE-4.4.2-64Bit/eclipse/workspace/DTProjectv5/rtwtypes.h"
 339              	 .file 16 "C:/Users/Administrator/Documents/DAVE-IDE-4.4.2-64Bit/eclipse/workspace/DTProjectv5/lut.h"
 340              	 .file 17 "C:/Users/Administrator/Documents/DAVE-IDE-4.4.2-64Bit/eclipse/workspace/DTProjectv5/Libraries/CMSIS/Include/core_cm4.h"
 341              	 .file 18 "C:/Users/Administrator/Documents/DAVE-IDE-4.4.2-64Bit/eclipse/workspace/DTProjectv5/Libraries/CMSIS/Infineon/XMC4500_series/Include/system_XMC4500.h"
 342              	 .file 19 "C:/Users/Administrator/Documents/DAVE-IDE-4.4.2-64Bit/eclipse/workspace/DTProjectv5/Dave/Generated/TIMER/timer_extern.h"
 343              	 .file 20 "C:/Users/Administrator/Documents/DAVE-IDE-4.4.2-64Bit/eclipse/workspace/DTProjectv5/Dave/Generated/ADC_MEASUREMENT/ADC_MEASUREMENT_Extern.h"
 344              	 .file 21 "C:/Users/Administrator/Documents/DAVE-IDE-4.4.2-64Bit/eclipse/workspace/DTProjectv5/Speed.h"
DEFINED SYMBOLS
                            *ABS*:00000000 Interupts.c
                            *COM*:00000010 LCD
                            *COM*:00000007 BTN
                            *COM*:0000000c Posifval
                            *COM*:00000002 speedindex
                            *COM*:00000001 Hall1_status
                            *COM*:00000002 hallint_count
                            *COM*:00000002 lasthallint_count
                            *COM*:00000004 revolves_counter
    {standard input}:28     .text.CCU40_2_IRQHandler:00000000 $t
    {standard input}:33     .text.CCU40_2_IRQHandler:00000000 CCU40_2_IRQHandler
    {standard input}:102    .text.CCU40_2_IRQHandler:00000070 $d
    {standard input}:117    .text.CCU43_1_IRQHandler:00000000 $t
    {standard input}:122    .text.CCU43_1_IRQHandler:00000000 CCU43_1_IRQHandler
    {standard input}:248    .text.CCU43_1_IRQHandler:000000e8 $d
    {standard input}:263    .text.CCU41_1_IRQHandler:00000000 $t
    {standard input}:268    .text.CCU41_1_IRQHandler:00000000 CCU41_1_IRQHandler
    {standard input}:316    .text.CCU41_1_IRQHandler:0000003c $d
                     .debug_frame:00000010 $d
    {standard input}:262    .text.CCU43_1_IRQHandler:00000114 $t

UNDEFINED SYMBOLS
ResetGateDriver
ADC_MEASUREMENT_StartConversion
TIMER_ClearEvent
TIMER_Stop
TIMER_Clear
LCD_SetDuty
LCD_SetDelay
LCD_IstVolt
LCD_SollVolt
LCD_SollRPM
LCD_IstRPM
DisplayTask
ADC_Voltage
LCD_Timer
__aeabi_f2d
__aeabi_dcmpgt
__aeabi_dadd
__aeabi_d2f
__aeabi_dcmpge
__aeabi_dcmple
__aeabi_d2uiz
lut_step
rtU_lut
rtY_lut
